<?xml version="1.0" encoding="utf-8"?><testsuites name="pytest tests"><testsuite name="pytest" errors="0" failures="0" skipped="0" tests="12" time="1.909" timestamp="2026-05-01T11:54:49.112165+00:00" hostname="agent-env-c733a643-088e-4606-8063-30199155c6c7"><testcase classname="backend.tests.backend_test.TestServices" name="test_get_services_returns_six" time="0.196" /><testcase classname="backend.tests.backend_test.TestAdminLogin" name="test_valid_login" time="0.135" /><testcase classname="backend.tests.backend_test.TestAdminLogin" name="test_wrong_password" time="0.152" /><testcase classname="backend.tests.backend_test.TestAdminLogin" name="test_wrong_username" time="0.135" /><testcase classname="backend.tests.backend_test.TestBookingsFlow" name="test_create_booking" time="0.113" /><testcase classname="backend.tests.backend_test.TestBookingsFlow" name="test_admin_bookings_requires_token" time="0.105" /><testcase classname="backend.tests.backend_test.TestBookingsFlow" name="test_admin_bookings_with_token" time="0.253" /><testcase classname="backend.tests.backend_test.TestBookingsFlow" name="test_update_status_valid" time="0.116" /><testcase classname="backend.tests.backend_test.TestBookingsFlow" name="test_update_status_invalid" time="0.102" /><testcase classname="backend.tests.backend_test.TestBookingsFlow" name="test_update_status_missing_booking" time="0.104" /><testcase classname="backend.tests.backend_test.TestBookingsFlow" name="test_admin_stats" time="0.113" /><testcase classname="backend.tests.backend_test.TestBookingsFlow" name="test_delete_booking" time="0.258" /></testsuite></testsuites>