<?xml version="1.0" encoding="utf-8"?><testsuites name="pytest tests"><testsuite name="pytest" errors="0" failures="0" skipped="0" tests="20" time="3.418" timestamp="2026-05-01T12:22:18.550328+00:00" hostname="agent-env-c733a643-088e-4606-8063-30199155c6c7"><testcase classname="backend.tests.backend_test.TestServices" name="test_get_services_returns_seeded" time="0.366" /><testcase classname="backend.tests.backend_test.TestAdminServicesCRUD" name="test_create_requires_auth" time="0.146" /><testcase classname="backend.tests.backend_test.TestAdminServicesCRUD" name="test_create_service" time="0.386" /><testcase classname="backend.tests.backend_test.TestAdminServicesCRUD" name="test_update_service" time="0.268" /><testcase classname="backend.tests.backend_test.TestAdminServicesCRUD" name="test_update_empty_body_returns_400" time="0.107" /><testcase classname="backend.tests.backend_test.TestAdminServicesCRUD" name="test_update_unknown_returns_404" time="0.142" /><testcase classname="backend.tests.backend_test.TestAdminServicesCRUD" name="test_delete_service" time="0.280" /><testcase classname="backend.tests.backend_test.TestAdminServicesCRUD" name="test_delete_unknown_returns_404" time="0.102" /><testcase classname="backend.tests.backend_test.TestAdminServicesCRUD" name="test_cleanup_test_services" time="0.098" /><testcase classname="backend.tests.backend_test.TestAdminLogin" name="test_valid_login" time="0.106" /><testcase classname="backend.tests.backend_test.TestAdminLogin" name="test_wrong_password" time="0.117" /><testcase classname="backend.tests.backend_test.TestAdminLogin" name="test_wrong_username" time="0.159" /><testcase classname="backend.tests.backend_test.TestBookingsFlow" name="test_create_booking" time="0.111" /><testcase classname="backend.tests.backend_test.TestBookingsFlow" name="test_admin_bookings_requires_token" time="0.108" /><testcase classname="backend.tests.backend_test.TestBookingsFlow" name="test_admin_bookings_with_token" time="0.102" /><testcase classname="backend.tests.backend_test.TestBookingsFlow" name="test_update_status_valid" time="0.116" /><testcase classname="backend.tests.backend_test.TestBookingsFlow" name="test_update_status_invalid" time="0.105" /><testcase classname="backend.tests.backend_test.TestBookingsFlow" name="test_update_status_missing_booking" time="0.097" /><testcase classname="backend.tests.backend_test.TestBookingsFlow" name="test_admin_stats" time="0.112" /><testcase classname="backend.tests.backend_test.TestBookingsFlow" name="test_delete_booking" time="0.253" /></testsuite></testsuites>